
> @steady/app@1.0.0 test
> vitest run block-tab-model.test.ts block.test.tsx block-rearrange.test.tsx block-injury-history.test.tsx parked-feature-gates.test.ts coach-freeze.test.tsx tab-layout.test.tsx


 RUN  v3.2.4 /Users/cyprianbrytan/Projects/steady-v2-app/packages/app

 ✓ tests/parked-feature-gates.test.ts (2 tests) 23ms
 ✓ tests/coach-freeze.test.tsx (1 test) 115ms
 ✓ tests/block-tab-model.test.ts (3 tests) 25ms
 ✓ tests/tab-layout.test.tsx (2 tests) 71ms
stderr | tests/block-rearrange.test.tsx > BlockTab session rearrange > formats the race date and uses the wireframe-style phase caption copy
An update to BlockTab inside a test was not wrapped in act(...).

When testing, code that causes React state updates should be wrapped into act(...):

act(() => {
  /* fire events that update state */
});
/* assert on the output */

This ensures that you're testing the behavior the user would see in the browser. Learn more at https://react.dev/link/wrap-tests-with-act

stderr | tests/block.test.tsx > BlockTab > renders one continuous block view with race details, graph, phase timeline, and weeks
An update to BlockTab inside a test was not wrapped in act(...).

When testing, code that causes React state updates should be wrapped into act(...):

act(() => {
  /* fire events that update state */
});
/* assert on the output */

This ensures that you're testing the behavior the user would see in the browser. Learn more at https://react.dev/link/wrap-tests-with-act

stderr | tests/block-rearrange.test.tsx > BlockTab session rearrange > shows the session target as the main expanded-row label with the run type below
An update to BlockTab inside a test was not wrapped in act(...).

When testing, code that causes React state updates should be wrapped into act(...):

act(() => {
  /* fire events that update state */
});
/* assert on the output */

This ensures that you're testing the behavior the user would see in the browser. Learn more at https://react.dev/link/wrap-tests-with-act

 ✓ tests/block-injury-history.test.tsx (2 tests) 487ms
   ✓ BlockTab injury history > keeps the normal block rendering when injury history is persisted  379ms
stderr | tests/block.test.tsx > BlockTab > keeps the existing week expansion behavior below the graph
An update to BlockTab inside a test was not wrapped in act(...).

When testing, code that causes React state updates should be wrapped into act(...):

act(() => {
  /* fire events that update state */
});
/* assert on the output */

This ensures that you're testing the behavior the user would see in the browser. Learn more at https://react.dev/link/wrap-tests-with-act

stderr | tests/block-rearrange.test.tsx > BlockTab session rearrange > emits a light haptic when expanding a week, but not when collapsing it
An update to BlockTab inside a test was not wrapped in act(...).

When testing, code that causes React state updates should be wrapped into act(...):

act(() => {
  /* fire events that update state */
});
/* assert on the output */

This ensures that you're testing the behavior the user would see in the browser. Learn more at https://react.dev/link/wrap-tests-with-act

stderr | tests/block.test.tsx > BlockTab > keeps pace ranges in the Block row title and moves effort cues to the caption
An update to BlockTab inside a test was not wrapped in act(...).

When testing, code that causes React state updates should be wrapped into act(...):

act(() => {
  /* fire events that update state */
});
/* assert on the output */

This ensures that you're testing the behavior the user would see in the browser. Learn more at https://react.dev/link/wrap-tests-with-act

stderr | tests/block.test.tsx > BlockTab > renders future profile-linked sessions from the current Training pace profile
An update to BlockTab inside a test was not wrapped in act(...).

When testing, code that causes React state updates should be wrapped into act(...):

act(() => {
  /* fire events that update state */
});
/* assert on the output */

This ensures that you're testing the behavior the user would see in the browser. Learn more at https://react.dev/link/wrap-tests-with-act

 ✓ tests/block.test.tsx (6 tests) 803ms
stderr | tests/block-rearrange.test.tsx > BlockTab session rearrange > shows completed rows as locked with the run status symbol and does not stage a drag for them
An update to BlockTab inside a test was not wrapped in act(...).

When testing, code that causes React state updates should be wrapped into act(...):

act(() => {
  /* fire events that update state */
});
/* assert on the output */

This ensures that you're testing the behavior the user would see in the browser. Learn more at https://react.dev/link/wrap-tests-with-act

stderr | tests/block-rearrange.test.tsx > BlockTab session rearrange > lets the user drag a rest day to move the gap within the week
An update to BlockTab inside a test was not wrapped in act(...).

When testing, code that causes React state updates should be wrapped into act(...):

act(() => {
  /* fire events that update state */
});
/* assert on the output */

This ensures that you're testing the behavior the user would see in the browser. Learn more at https://react.dev/link/wrap-tests-with-act

stderr | tests/block-rearrange.test.tsx > BlockTab session rearrange > keeps past weeks review-only even when some sessions were never logged
An update to BlockTab inside a test was not wrapped in act(...).

When testing, code that causes React state updates should be wrapped into act(...):

act(() => {
  /* fire events that update state */
});
/* assert on the output */

This ensures that you're testing the behavior the user would see in the browser. Learn more at https://react.dev/link/wrap-tests-with-act

stderr | tests/block-rearrange.test.tsx > BlockTab session rearrange > resets the staged reschedule back to the saved order
An update to BlockTab inside a test was not wrapped in act(...).

When testing, code that causes React state updates should be wrapped into act(...):

act(() => {
  /* fire events that update state */
});
/* assert on the output */

This ensures that you're testing the behavior the user would see in the browser. Learn more at https://react.dev/link/wrap-tests-with-act

stderr | tests/block-rearrange.test.tsx > BlockTab session rearrange > does not open propagation when the returned edit is materially unchanged
An update to BlockTab inside a test was not wrapped in act(...).

When testing, code that causes React state updates should be wrapped into act(...):

act(() => {
  /* fire events that update state */
});
/* assert on the output */

This ensures that you're testing the behavior the user would see in the browser. Learn more at https://react.dev/link/wrap-tests-with-act

stderr | tests/block-rearrange.test.tsx > BlockTab session rearrange > waits for the block tab to refocus before opening the apply-change sheet
An update to BlockTab inside a test was not wrapped in act(...).

When testing, code that causes React state updates should be wrapped into act(...):

act(() => {
  /* fire events that update state */
});
/* assert on the output */

This ensures that you're testing the behavior the user would see in the browser. Learn more at https://react.dev/link/wrap-tests-with-act

 ✓ tests/block-rearrange.test.tsx (29 tests) 2600ms
   ✓ BlockTab session rearrange > formats the race date and uses the wireframe-style phase caption copy  301ms
   ✓ BlockTab session rearrange > stages a reschedule locally and renders the returned remaining-weeks plan after apply  421ms

 Test Files  7 passed (7)
      Tests  45 passed (45)
   Start at  01:38:31
   Duration  6.46s (transform 1.63s, setup 2.37s, collect 6.89s, tests 4.12s, environment 11.33s, prepare 1.43s)
